<?xml version="1.0" encoding="UTF-8"?>
<testsuites>
  <testsuite name="hello" timestamp="2024-07-08T09:34:53Z" hostname="4876fe778c18" tests="3" skipped="0" failures="0" errors="0" time="0.213">
    <testcase time="0.012" classname="hello" name="hello_works"/>
    <testcase time="0.189" classname="hello" name="hello_cli_works"/>
    <testcase time="0.012" classname="hello" name="Testing_equality"/>
  </testsuite>
</testsuites>
